{"contracts/LegoToken.sol":{"l":{"30":3,"34":7,"35":6,"48":3,"52":2},"path":"/Users/jelle/lego/contracts/contracts/LegoToken.sol","s":{"1":3,"2":7,"3":6,"4":3,"5":2},"b":{},"f":{"1":3,"2":7,"3":3,"4":2},"fnMap":{"1":{"name":"constructor","line":28,"loc":{"start":{"line":25,"column":4},"end":{"line":31,"column":4}}},"2":{"name":"_beforeTokenTransfer","line":33,"loc":{"start":{"line":33,"column":4},"end":{"line":36,"column":4}}},"3":{"name":"mint","line":47,"loc":{"start":{"line":47,"column":4},"end":{"line":49,"column":4}}},"4":{"name":"snapshot","line":51,"loc":{"start":{"line":51,"column":4},"end":{"line":53,"column":4}}}},"statementMap":{"1":{"start":{"line":30,"column":6},"end":{"line":30,"column":31}},"2":{"start":{"line":34,"column":6},"end":{"line":34,"column":55}},"3":{"start":{"line":35,"column":6},"end":{"line":35,"column":57}},"4":{"start":{"line":48,"column":8},"end":{"line":48,"column":24}},"5":{"start":{"line":52,"column":6},"end":{"line":52,"column":24}}},"branchMap":{}}}